20230710	02:02:26	30b5b95b-5298-4b3b-9a9e-ecaf06dbf53d	POST	/user	undefined
20230710	02:03:29	e576a782-0ffd-436e-9140-a556b5267beb	POST	/user	undefined
20230710	02:04:45	fde20e64-cf4e-4319-a803-1d650771175c	POST	/user	undefined
20230710	02:04:47	621f80b4-a820-4b9b-b6c9-c204ce4e6fd0	POST	/user	undefined
20230710	02:10:12	f4a93ba5-fae1-4d8a-8996-881a6b916b6f	POST	/user	undefined
20230710	02:18:42	d296a1d5-5cec-4d2f-88fe-38a5a5bfcb83	POST	/user	undefined
20230710	02:31:53	84348a24-1a75-40f0-93f3-d983464a469c	POST	/user	undefined
20230710	02:32:13	8f2a0281-5336-4eae-a426-8a8a6db999ec	POST	/User	undefined
20230710	02:33:03	dd64be22-c9bf-42e3-a793-439e32bb02be	POST	/User	undefined
20230710	02:34:22	b8b8052f-8fe7-4e61-b635-716a683f2df6	POST	/user	undefined
20230710	02:34:41	a82f69b8-497c-4e3a-9599-7a1a667a7719	POST	/	undefined
20230710	02:57:35	6c0bd559-3714-4f89-ada4-b7b21a446d3a	POST	/user	undefined
20230711	23:34:47	cff122e4-6ba9-4adb-bb0e-19a6fac56ae6	POST	/Note	undefined
20230711	23:35:53	27389ea6-171d-4950-baca-89ea9a1a2f01	POST	/Note	undefined
20230711	23:36:03	6ca4f361-51cf-40c8-aef6-1ab27445b8f1	POST	/note	undefined
20230711	23:36:48	adad82f5-ec4f-403c-bc1e-1bd574801f61	POST	/Note	undefined
20230711	23:36:49	0fa58d2a-c092-4172-ab75-821f30c7cd60	POST	/Note	undefined
20230711	23:37:12	915526a4-6120-4abd-96fb-fe9adb765ae7	POST	/Note	undefined
20230711	23:40:42	5a81f13b-b794-49ad-b590-c7db8dbb3b30	POST	/Note	undefined
20230712	00:31:27	d863703f-8bef-43fd-a41f-f48f2070cb22	POST	/Note/first	undefined
